# JRE version: Java(TM) SE Runtime Environment (8.0_131-b11) (build 1.8.0_131-b11)
# Java VM: Java HotSpot(TM) 64-Bit Server VM (25.131-b11 mixed mode windows-amd64 compressed oops)
Heap:
 PSYoungGen      total 261120K, used 60072K [0x00000000e0000000, 0x00000000f2180000, 0x0000000100000000)
  eden space 227840K, 18% used [0x00000000e0000000,0x00000000e2839070,0x00000000ede80000)
  from space 33280K, 56% used [0x00000000f0100000,0x00000000f1370f98,0x00000000f2180000)
  to   space 34304K, 0% used [0x00000000ede80000,0x00000000ede80000,0x00000000f0000000)
 ParOldGen       total 337408K, used 300717K [0x00000000a0000000, 0x00000000b4980000, 0x00000000e0000000)
  object space 337408K, 89% used [0x00000000a0000000,0x00000000b25ab548,0x00000000b4980000)
 Metaspace       used 104711K, capacity 127272K, committed 127384K, reserved 1157120K
  class space    used 13926K, capacity 20649K, committed 20656K, reserved 1048576K
GC Heap History (10 events):
Event: 31988.688 GC heap after
Heap after GC invocations=208 (full 5):
 PSYoungGen      total 194048K, used 25232K [0x00000000e0000000, 0x00000000efe80000, 0x0000000100000000)
  eden space 163328K, 0% used [0x00000000e0000000,0x00000000e0000000,0x00000000e9f80000)
  from space 30720K, 82% used [0x00000000e9f80000,0x00000000eb8241f0,0x00000000ebd80000)
  to   space 33280K, 0% used [0x00000000ede00000,0x00000000ede00000,0x00000000efe80000)
 ParOldGen       total 337408K, used 282661K [0x00000000a0000000, 0x00000000b4980000, 0x00000000e0000000)
  object space 337408K, 83% used [0x00000000a0000000,0x00000000b1409490,0x00000000b4980000)
 Metaspace       used 104707K, capacity 127272K, committed 127384K, reserved 1157120K
  class space    used 13926K, capacity 20649K, committed 20656K, reserved 1048576K
}
Event: 31988.891 GC heap before
{Heap before GC invocations=209 (full 5):
 PSYoungGen      total 194048K, used 188560K [0x00000000e0000000, 0x00000000efe80000, 0x0000000100000000)
  eden space 163328K, 100% used [0x00000000e0000000,0x00000000e9f80000,0x00000000e9f80000)
  from space 30720K, 82% used [0x00000000e9f80000,0x00000000eb8241f0,0x00000000ebd80000)
  to   space 33280K, 0% used [0x00000000ede00000,0x00000000ede00000,0x00000000efe80000)
 ParOldGen       total 337408K, used 282661K [0x00000000a0000000, 0x00000000b4980000, 0x00000000e0000000)
  object space 337408K, 83% used [0x00000000a0000000,0x00000000b1409490,0x00000000b4980000)
 Metaspace       used 104708K, capacity 127272K, committed 127384K, reserved 1157120K
  class space    used 13926K, capacity 20649K, committed 20656K, reserved 1048576K
Event: 31988.921 GC heap after
Heap after GC invocations=209 (full 5):
 PSYoungGen      total 225280K, used 25552K [0x00000000e0000000, 0x00000000f0280000, 0x0000000100000000)
  eden space 192000K, 0% used [0x00000000e0000000,0x00000000e0000000,0x00000000ebb80000)
  from space 33280K, 76% used [0x00000000ede00000,0x00000000ef6f41f0,0x00000000efe80000)
  to   space 35328K, 0% used [0x00000000ebb80000,0x00000000ebb80000,0x00000000ede00000)
 ParOldGen       total 337408K, used 287023K [0x00000000a0000000, 0x00000000b4980000, 0x00000000e0000000)
  object space 337408K, 85% used [0x00000000a0000000,0x00000000b184bf68,0x00000000b4980000)
 Metaspace       used 104708K, capacity 127272K, committed 127384K, reserved 1157120K
  class space    used 13926K, capacity 20649K, committed 20656K, reserved 1048576K
}
Event: 31989.164 GC heap before
{Heap before GC invocations=210 (full 5):
 PSYoungGen      total 225280K, used 217552K [0x00000000e0000000, 0x00000000f0280000, 0x0000000100000000)
  eden space 192000K, 100% used [0x00000000e0000000,0x00000000ebb80000,0x00000000ebb80000)
  from space 33280K, 76% used [0x00000000ede00000,0x00000000ef6f41f0,0x00000000efe80000)
  to   space 35328K, 0% used [0x00000000ebb80000,0x00000000ebb80000,0x00000000ede00000)
 ParOldGen       total 337408K, used 287023K [0x00000000a0000000, 0x00000000b4980000, 0x00000000e0000000)
  object space 337408K, 85% used [0x00000000a0000000,0x00000000b184bf68,0x00000000b4980000)
 Metaspace       used 104708K, capacity 127272K, committed 127384K, reserved 1157120K
  class space    used 13926K, capacity 20649K, committed 20656K, reserved 1048576K
Event: 31989.198 GC heap after
Heap after GC invocations=210 (full 5):
 PSYoungGen      total 227328K, used 22720K [0x00000000e0000000, 0x00000000f0280000, 0x0000000100000000)
  eden space 192000K, 0% used [0x00000000e0000000,0x00000000e0000000,0x00000000ebb80000)
  from space 35328K, 64% used [0x00000000ebb80000,0x00000000ed1b0160,0x00000000ede00000)
  to   space 33280K, 0% used [0x00000000ede00000,0x00000000ede00000,0x00000000efe80000)
 ParOldGen       total 337408K, used 289047K [0x00000000a0000000, 0x00000000b4980000, 0x00000000e0000000)
  object space 337408K, 85% used [0x00000000a0000000,0x00000000b1a45fe8,0x00000000b4980000)
 Metaspace       used 104708K, capacity 127272K, committed 127384K, reserved 1157120K
  class space    used 13926K, capacity 20649K, committed 20656K, reserved 1048576K
}
Event: 31989.420 GC heap before
{Heap before GC invocations=211 (full 5):
 PSYoungGen      total 227328K, used 214720K [0x00000000e0000000, 0x00000000f0280000, 0x0000000100000000)
  eden space 192000K, 100% used [0x00000000e0000000,0x00000000ebb80000,0x00000000ebb80000)
  from space 35328K, 64% used [0x00000000ebb80000,0x00000000ed1b0160,0x00000000ede00000)
  to   space 33280K, 0% used [0x00000000ede00000,0x00000000ede00000,0x00000000efe80000)
 ParOldGen       total 337408K, used 289047K [0x00000000a0000000, 0x00000000b4980000, 0x00000000e0000000)
  object space 337408K, 85% used [0x00000000a0000000,0x00000000b1a45fe8,0x00000000b4980000)
 Metaspace       used 104710K, capacity 127272K, committed 127384K, reserved 1157120K
  class space    used 13926K, capacity 20649K, committed 20656K, reserved 1048576K
Event: 31989.442 GC heap after
Heap after GC invocations=211 (full 5):
 PSYoungGen      total 225280K, used 22144K [0x00000000e0000000, 0x00000000f0280000, 0x0000000100000000)
  eden space 192000K, 0% used [0x00000000e0000000,0x00000000e0000000,0x00000000ebb80000)
  from space 33280K, 66% used [0x00000000ede00000,0x00000000ef3a01a0,0x00000000efe80000)
  to   space 35328K, 0% used [0x00000000ebb80000,0x00000000ebb80000,0x00000000ede00000)
 ParOldGen       total 337408K, used 292199K [0x00000000a0000000, 0x00000000b4980000, 0x00000000e0000000)
  object space 337408K, 86% used [0x00000000a0000000,0x00000000b1d59f68,0x00000000b4980000)
 Metaspace       used 104710K, capacity 127272K, committed 127384K, reserved 1157120K
  class space    used 13926K, capacity 20649K, committed 20656K, reserved 1048576K
}
Event: 31989.637 GC heap before
{Heap before GC invocations=212 (full 5):
 PSYoungGen      total 225280K, used 214144K [0x00000000e0000000, 0x00000000f0280000, 0x0000000100000000)
  eden space 192000K, 100% used [0x00000000e0000000,0x00000000ebb80000,0x00000000ebb80000)
  from space 33280K, 66% used [0x00000000ede00000,0x00000000ef3a01a0,0x00000000efe80000)
  to   space 35328K, 0% used [0x00000000ebb80000,0x00000000ebb80000,0x00000000ede00000)
 ParOldGen       total 337408K, used 292199K [0x00000000a0000000, 0x00000000b4980000, 0x00000000e0000000)
  object space 337408K, 86% used [0x00000000a0000000,0x00000000b1d59f68,0x00000000b4980000)
 Metaspace       used 104710K, capacity 127272K, committed 127384K, reserved 1157120K
  class space    used 13926K, capacity 20649K, committed 20656K, reserved 1048576K
Event: 31989.658 GC heap after
Heap after GC invocations=212 (full 5):
 PSYoungGen      total 227328K, used 22034K [0x00000000e0000000, 0x00000000f2380000, 0x0000000100000000)
  eden space 192000K, 0% used [0x00000000e0000000,0x00000000e0000000,0x00000000ebb80000)
  from space 35328K, 62% used [0x00000000ebb80000,0x00000000ed1049f0,0x00000000ede00000)
  to   space 35328K, 0% used [0x00000000f0100000,0x00000000f0100000,0x00000000f2380000)
 ParOldGen       total 337408K, used 297245K [0x00000000a0000000, 0x00000000b4980000, 0x00000000e0000000)
  object space 337408K, 88% used [0x00000000a0000000,0x00000000b2247548,0x00000000b4980000)
 Metaspace       used 104710K, capacity 127272K, committed 127384K, reserved 1157120K
  class space    used 13926K, capacity 20649K, committed 20656K, reserved 1048576K
}
Event: 31989.873 GC heap before
{Heap before GC invocations=213 (full 5):
 PSYoungGen      total 227328K, used 214034K [0x00000000e0000000, 0x00000000f2380000, 0x0000000100000000)
  eden space 192000K, 100% used [0x00000000e0000000,0x00000000ebb80000,0x00000000ebb80000)
  from space 35328K, 62% used [0x00000000ebb80000,0x00000000ed1049f0,0x00000000ede00000)
  to   space 35328K, 0% used [0x00000000f0100000,0x00000000f0100000,0x00000000f2380000)
 ParOldGen       total 337408K, used 297245K [0x00000000a0000000, 0x00000000b4980000, 0x00000000e0000000)
  object space 337408K, 88% used [0x00000000a0000000,0x00000000b2247548,0x00000000b4980000)
 Metaspace       used 104711K, capacity 127272K, committed 127384K, reserved 1157120K
  class space    used 13926K, capacity 20649K, committed 20656K, reserved 1048576K

